2015-06-27 00:44:26 INFO  org.hibernate.annotations.common.Version     - HCANN000001: Hibernate Commons Annotations {4.0.5.Final}
2015-06-27 00:44:26 INFO  org.hibernate.Version     - HHH000412: Hibernate Core {4.3.10.Final}
2015-06-27 00:44:26 INFO  org.hibernate.cfg.Environment     - HHH000206: hibernate.properties not found
2015-06-27 00:44:26 INFO  org.hibernate.cfg.Environment     - HHH000021: Bytecode provider name : javassist
2015-06-27 00:44:26 INFO  org.hibernate.cfg.Configuration     - HHH000043: Configuring from resource: /hibernate.cfg.xml
2015-06-27 00:44:26 INFO  org.hibernate.cfg.Configuration     - HHH000040: Configuration resource: /hibernate.cfg.xml
2015-06-27 00:44:26 INFO  org.hibernate.cfg.Configuration     - HHH000221: Reading mappings from resource: in/hikev/auth/model/User.hbm.xml
2015-06-27 00:44:26 INFO  org.hibernate.cfg.Configuration     - HHH000041: Configured SessionFactory: null
2015-06-27 00:44:26 WARN  org.hibernate.engine.jdbc.connections.internal.DriverManagerConnectionProviderImpl     - HHH000402: Using Hibernate built-in connection pool (not for production use!)
2015-06-27 00:44:26 INFO  org.hibernate.engine.jdbc.connections.internal.DriverManagerConnectionProviderImpl     - HHH000401: using driver [com.mysql.jdbc.Driver] at URL [jdbc:mysql://localhost:3306/social]
2015-06-27 00:44:26 INFO  org.hibernate.engine.jdbc.connections.internal.DriverManagerConnectionProviderImpl     - HHH000046: Connection properties: {user=root, password=****}
2015-06-27 00:44:26 INFO  org.hibernate.engine.jdbc.connections.internal.DriverManagerConnectionProviderImpl     - HHH000006: Autocommit mode: false
2015-06-27 00:44:26 INFO  org.hibernate.engine.jdbc.connections.internal.DriverManagerConnectionProviderImpl     - HHH000115: Hibernate connection pool size: 1 (min=1)
2015-06-27 00:44:27 INFO  org.hibernate.dialect.Dialect     - HHH000400: Using dialect: org.hibernate.dialect.MySQLInnoDBDialect
2015-06-27 00:44:27 INFO  org.hibernate.engine.transaction.internal.TransactionFactoryInitiator     - HHH000399: Using default transaction strategy (direct JDBC transactions)
2015-06-27 00:44:27 INFO  org.hibernate.hql.internal.ast.ASTQueryTranslatorFactory     - HHH000397: Using ASTQueryTranslatorFactory
2015-06-27 00:44:27 INFO  org.hibernate.validator.internal.util.Version     - HV000001: Hibernate Validator 5.1.3.Final
2015-06-27 00:44:27 INFO  org.hibernate.tool.hbm2ddl.SchemaUpdate     - HHH000228: Running hbm2ddl schema update
2015-06-27 00:44:27 INFO  org.hibernate.tool.hbm2ddl.SchemaUpdate     - HHH000102: Fetching database metadata
2015-06-27 00:44:27 INFO  org.hibernate.tool.hbm2ddl.SchemaUpdate     - HHH000396: Updating schema
2015-06-27 00:44:27 INFO  org.hibernate.tool.hbm2ddl.TableMetadata     - HHH000261: Table found: social.user
2015-06-27 00:44:27 INFO  org.hibernate.tool.hbm2ddl.TableMetadata     - HHH000037: Columns: [id, email, name, password]
2015-06-27 00:44:27 INFO  org.hibernate.tool.hbm2ddl.TableMetadata     - HHH000108: Foreign keys: []
2015-06-27 00:44:27 INFO  org.hibernate.tool.hbm2ddl.TableMetadata     - HHH000126: Indexes: [primary]
2015-06-27 00:44:27 INFO  org.hibernate.tool.hbm2ddl.SchemaUpdate     - HHH000232: Schema update complete
2015-06-27 00:44:28 WARN  org.hibernate.hql.internal.ast.HqlSqlWalker     - [DEPRECATION] Encountered positional parameter near line 1, column 44 in HQL: [from in.hikev.auth.model.User where name = ?].  Positional parameter are considered deprecated; use named parameters or JPA-style positional parameters instead.
2015-06-27 00:44:28 INFO  in.hikev.auth.repository.AuthorizationRepository     - begin to login
2015-06-27 00:44:28 WARN  org.hibernate.hql.internal.ast.HqlSqlWalker     - [DEPRECATION] Encountered positional parameter near line 1, column 48 in HQL: [from in.hikev.auth.model.User u where u.name = ? and u.password = ?].  Positional parameter are considered deprecated; use named parameters or JPA-style positional parameters instead.
2015-06-27 00:44:28 WARN  org.hibernate.hql.internal.ast.HqlSqlWalker     - [DEPRECATION] Encountered positional parameter near line 1, column 67 in HQL: [from in.hikev.auth.model.User u where u.name = ? and u.password = ?].  Positional parameter are considered deprecated; use named parameters or JPA-style positional parameters instead.
